  main.c
d:\visual projects\advance c\abc-dental-practice-ltd\abc-dental-practice-ltd\main.c(70): warning C4013: 'searchList' undefined; assuming extern returning int
d:\visual projects\advance c\abc-dental-practice-ltd\abc-dental-practice-ltd\main.c(68): warning C4996: 'scanf': This function or variable may be unsafe. Consider using scanf_s instead. To disable deprecation, use _CRT_SECURE_NO_WARNINGS. See online help for details.
  c:\program files (x86)\windows kits\10\include\10.0.17134.0\ucrt\stdio.h(1274): note: see declaration of 'scanf'
d:\visual projects\advance c\abc-dental-practice-ltd\abc-dental-practice-ltd\main.c(79): warning C4996: 'scanf': This function or variable may be unsafe. Consider using scanf_s instead. To disable deprecation, use _CRT_SECURE_NO_WARNINGS. See online help for details.
  c:\program files (x86)\windows kits\10\include\10.0.17134.0\ucrt\stdio.h(1274): note: see declaration of 'scanf'
d:\visual projects\advance c\abc-dental-practice-ltd\abc-dental-practice-ltd\main.c(81): warning C4996: 'scanf': This function or variable may be unsafe. Consider using scanf_s instead. To disable deprecation, use _CRT_SECURE_NO_WARNINGS. See online help for details.
  c:\program files (x86)\windows kits\10\include\10.0.17134.0\ucrt\stdio.h(1274): note: see declaration of 'scanf'
d:\visual projects\advance c\abc-dental-practice-ltd\abc-dental-practice-ltd\main.c(84): warning C4996: 'scanf': This function or variable may be unsafe. Consider using scanf_s instead. To disable deprecation, use _CRT_SECURE_NO_WARNINGS. See online help for details.
  c:\program files (x86)\windows kits\10\include\10.0.17134.0\ucrt\stdio.h(1274): note: see declaration of 'scanf'
d:\visual projects\advance c\abc-dental-practice-ltd\abc-dental-practice-ltd\main.c(86): warning C4996: 'scanf': This function or variable may be unsafe. Consider using scanf_s instead. To disable deprecation, use _CRT_SECURE_NO_WARNINGS. See online help for details.
  c:\program files (x86)\windows kits\10\include\10.0.17134.0\ucrt\stdio.h(1274): note: see declaration of 'scanf'
d:\visual projects\advance c\abc-dental-practice-ltd\abc-dental-practice-ltd\main.c(90): warning C4996: 'strcpy': This function or variable may be unsafe. Consider using strcpy_s instead. To disable deprecation, use _CRT_SECURE_NO_WARNINGS. See online help for details.
  c:\program files (x86)\windows kits\10\include\10.0.17134.0\ucrt\string.h(133): note: see declaration of 'strcpy'
d:\visual projects\advance c\abc-dental-practice-ltd\abc-dental-practice-ltd\main.c(94): warning C4996: 'strcpy': This function or variable may be unsafe. Consider using strcpy_s instead. To disable deprecation, use _CRT_SECURE_NO_WARNINGS. See online help for details.
  c:\program files (x86)\windows kits\10\include\10.0.17134.0\ucrt\string.h(133): note: see declaration of 'strcpy'
d:\visual projects\advance c\abc-dental-practice-ltd\abc-dental-practice-ltd\main.c(100): warning C4996: 'scanf': This function or variable may be unsafe. Consider using scanf_s instead. To disable deprecation, use _CRT_SECURE_NO_WARNINGS. See online help for details.
  c:\program files (x86)\windows kits\10\include\10.0.17134.0\ucrt\stdio.h(1274): note: see declaration of 'scanf'
d:\visual projects\advance c\abc-dental-practice-ltd\abc-dental-practice-ltd\main.c(103): warning C4996: 'scanf': This function or variable may be unsafe. Consider using scanf_s instead. To disable deprecation, use _CRT_SECURE_NO_WARNINGS. See online help for details.
  c:\program files (x86)\windows kits\10\include\10.0.17134.0\ucrt\stdio.h(1274): note: see declaration of 'scanf'
d:\visual projects\advance c\abc-dental-practice-ltd\abc-dental-practice-ltd\main.c(106): warning C4996: 'strcpy': This function or variable may be unsafe. Consider using strcpy_s instead. To disable deprecation, use _CRT_SECURE_NO_WARNINGS. See online help for details.
  c:\program files (x86)\windows kits\10\include\10.0.17134.0\ucrt\string.h(133): note: see declaration of 'strcpy'
d:\visual projects\advance c\abc-dental-practice-ltd\abc-dental-practice-ltd\main.c(114): warning C4996: 'scanf': This function or variable may be unsafe. Consider using scanf_s instead. To disable deprecation, use _CRT_SECURE_NO_WARNINGS. See online help for details.
  c:\program files (x86)\windows kits\10\include\10.0.17134.0\ucrt\stdio.h(1274): note: see declaration of 'scanf'
d:\visual projects\advance c\abc-dental-practice-ltd\abc-dental-practice-ltd\main.c(116): warning C4996: 'scanf': This function or variable may be unsafe. Consider using scanf_s instead. To disable deprecation, use _CRT_SECURE_NO_WARNINGS. See online help for details.
  c:\program files (x86)\windows kits\10\include\10.0.17134.0\ucrt\stdio.h(1274): note: see declaration of 'scanf'
d:\visual projects\advance c\abc-dental-practice-ltd\abc-dental-practice-ltd\main.c(118): warning C4996: 'scanf': This function or variable may be unsafe. Consider using scanf_s instead. To disable deprecation, use _CRT_SECURE_NO_WARNINGS. See online help for details.
  c:\program files (x86)\windows kits\10\include\10.0.17134.0\ucrt\stdio.h(1274): note: see declaration of 'scanf'
d:\visual projects\advance c\abc-dental-practice-ltd\abc-dental-practice-ltd\main.c(120): warning C4996: 'scanf': This function or variable may be unsafe. Consider using scanf_s instead. To disable deprecation, use _CRT_SECURE_NO_WARNINGS. See online help for details.
  c:\program files (x86)\windows kits\10\include\10.0.17134.0\ucrt\stdio.h(1274): note: see declaration of 'scanf'
d:\visual projects\advance c\abc-dental-practice-ltd\abc-dental-practice-ltd\main.c(123): warning C4996: 'scanf': This function or variable may be unsafe. Consider using scanf_s instead. To disable deprecation, use _CRT_SECURE_NO_WARNINGS. See online help for details.
  c:\program files (x86)\windows kits\10\include\10.0.17134.0\ucrt\stdio.h(1274): note: see declaration of 'scanf'
d:\visual projects\advance c\abc-dental-practice-ltd\abc-dental-practice-ltd\main.c(127): warning C4996: 'strcpy': This function or variable may be unsafe. Consider using strcpy_s instead. To disable deprecation, use _CRT_SECURE_NO_WARNINGS. See online help for details.
  c:\program files (x86)\windows kits\10\include\10.0.17134.0\ucrt\string.h(133): note: see declaration of 'strcpy'
d:\visual projects\advance c\abc-dental-practice-ltd\abc-dental-practice-ltd\main.c(131): warning C4996: 'strcpy': This function or variable may be unsafe. Consider using strcpy_s instead. To disable deprecation, use _CRT_SECURE_NO_WARNINGS. See online help for details.
  c:\program files (x86)\windows kits\10\include\10.0.17134.0\ucrt\string.h(133): note: see declaration of 'strcpy'
d:\visual projects\advance c\abc-dental-practice-ltd\abc-dental-practice-ltd\main.c(137): warning C4996: 'scanf': This function or variable may be unsafe. Consider using scanf_s instead. To disable deprecation, use _CRT_SECURE_NO_WARNINGS. See online help for details.
  c:\program files (x86)\windows kits\10\include\10.0.17134.0\ucrt\stdio.h(1274): note: see declaration of 'scanf'
d:\visual projects\advance c\abc-dental-practice-ltd\abc-dental-practice-ltd\main.c(140): warning C4996: 'scanf': This function or variable may be unsafe. Consider using scanf_s instead. To disable deprecation, use _CRT_SECURE_NO_WARNINGS. See online help for details.
  c:\program files (x86)\windows kits\10\include\10.0.17134.0\ucrt\stdio.h(1274): note: see declaration of 'scanf'
d:\visual projects\advance c\abc-dental-practice-ltd\abc-dental-practice-ltd\main.c(143): warning C4996: 'strcpy': This function or variable may be unsafe. Consider using strcpy_s instead. To disable deprecation, use _CRT_SECURE_NO_WARNINGS. See online help for details.
  c:\program files (x86)\windows kits\10\include\10.0.17134.0\ucrt\string.h(133): note: see declaration of 'strcpy'
d:\visual projects\advance c\abc-dental-practice-ltd\abc-dental-practice-ltd\main.c(147): warning C4996: 'strcpy': This function or variable may be unsafe. Consider using strcpy_s instead. To disable deprecation, use _CRT_SECURE_NO_WARNINGS. See online help for details.
  c:\program files (x86)\windows kits\10\include\10.0.17134.0\ucrt\string.h(133): note: see declaration of 'strcpy'
d:\visual projects\advance c\abc-dental-practice-ltd\abc-dental-practice-ltd\main.c(151): warning C4996: 'strcpy': This function or variable may be unsafe. Consider using strcpy_s instead. To disable deprecation, use _CRT_SECURE_NO_WARNINGS. See online help for details.
  c:\program files (x86)\windows kits\10\include\10.0.17134.0\ucrt\string.h(133): note: see declaration of 'strcpy'
d:\visual projects\advance c\abc-dental-practice-ltd\abc-dental-practice-ltd\main.c(157): warning C4996: 'scanf': This function or variable may be unsafe. Consider using scanf_s instead. To disable deprecation, use _CRT_SECURE_NO_WARNINGS. See online help for details.
  c:\program files (x86)\windows kits\10\include\10.0.17134.0\ucrt\stdio.h(1274): note: see declaration of 'scanf'
d:\visual projects\advance c\abc-dental-practice-ltd\abc-dental-practice-ltd\main.c(160): warning C4996: 'scanf': This function or variable may be unsafe. Consider using scanf_s instead. To disable deprecation, use _CRT_SECURE_NO_WARNINGS. See online help for details.
  c:\program files (x86)\windows kits\10\include\10.0.17134.0\ucrt\stdio.h(1274): note: see declaration of 'scanf'
d:\visual projects\advance c\abc-dental-practice-ltd\abc-dental-practice-ltd\main.c(163): warning C4996: 'strcpy': This function or variable may be unsafe. Consider using strcpy_s instead. To disable deprecation, use _CRT_SECURE_NO_WARNINGS. See online help for details.
  c:\program files (x86)\windows kits\10\include\10.0.17134.0\ucrt\string.h(133): note: see declaration of 'strcpy'
d:\visual projects\advance c\abc-dental-practice-ltd\abc-dental-practice-ltd\main.c(167): warning C4996: 'strcpy': This function or variable may be unsafe. Consider using strcpy_s instead. To disable deprecation, use _CRT_SECURE_NO_WARNINGS. See online help for details.
  c:\program files (x86)\windows kits\10\include\10.0.17134.0\ucrt\string.h(133): note: see declaration of 'strcpy'
d:\visual projects\advance c\abc-dental-practice-ltd\abc-dental-practice-ltd\main.c(171): warning C4996: 'strcpy': This function or variable may be unsafe. Consider using strcpy_s instead. To disable deprecation, use _CRT_SECURE_NO_WARNINGS. See online help for details.
  c:\program files (x86)\windows kits\10\include\10.0.17134.0\ucrt\string.h(133): note: see declaration of 'strcpy'
d:\visual projects\advance c\abc-dental-practice-ltd\abc-dental-practice-ltd\main.c(177): warning C4996: 'scanf': This function or variable may be unsafe. Consider using scanf_s instead. To disable deprecation, use _CRT_SECURE_NO_WARNINGS. See online help for details.
  c:\program files (x86)\windows kits\10\include\10.0.17134.0\ucrt\stdio.h(1274): note: see declaration of 'scanf'
d:\visual projects\advance c\abc-dental-practice-ltd\abc-dental-practice-ltd\main.c(180): warning C4996: 'scanf': This function or variable may be unsafe. Consider using scanf_s instead. To disable deprecation, use _CRT_SECURE_NO_WARNINGS. See online help for details.
  c:\program files (x86)\windows kits\10\include\10.0.17134.0\ucrt\stdio.h(1274): note: see declaration of 'scanf'
d:\visual projects\advance c\abc-dental-practice-ltd\abc-dental-practice-ltd\main.c(183): warning C4996: 'strcpy': This function or variable may be unsafe. Consider using strcpy_s instead. To disable deprecation, use _CRT_SECURE_NO_WARNINGS. See online help for details.
  c:\program files (x86)\windows kits\10\include\10.0.17134.0\ucrt\string.h(133): note: see declaration of 'strcpy'
d:\visual projects\advance c\abc-dental-practice-ltd\abc-dental-practice-ltd\main.c(187): warning C4996: 'strcpy': This function or variable may be unsafe. Consider using strcpy_s instead. To disable deprecation, use _CRT_SECURE_NO_WARNINGS. See online help for details.
  c:\program files (x86)\windows kits\10\include\10.0.17134.0\ucrt\string.h(133): note: see declaration of 'strcpy'
d:\visual projects\advance c\abc-dental-practice-ltd\abc-dental-practice-ltd\main.c(191): warning C4996: 'strcpy': This function or variable may be unsafe. Consider using strcpy_s instead. To disable deprecation, use _CRT_SECURE_NO_WARNINGS. See online help for details.
  c:\program files (x86)\windows kits\10\include\10.0.17134.0\ucrt\string.h(133): note: see declaration of 'strcpy'
d:\visual projects\advance c\abc-dental-practice-ltd\abc-dental-practice-ltd\main.c(197): warning C4996: 'scanf': This function or variable may be unsafe. Consider using scanf_s instead. To disable deprecation, use _CRT_SECURE_NO_WARNINGS. See online help for details.
  c:\program files (x86)\windows kits\10\include\10.0.17134.0\ucrt\stdio.h(1274): note: see declaration of 'scanf'
d:\visual projects\advance c\abc-dental-practice-ltd\abc-dental-practice-ltd\main.c(257): warning C4996: 'scanf': This function or variable may be unsafe. Consider using scanf_s instead. To disable deprecation, use _CRT_SECURE_NO_WARNINGS. See online help for details.
  c:\program files (x86)\windows kits\10\include\10.0.17134.0\ucrt\stdio.h(1274): note: see declaration of 'scanf'
d:\visual projects\advance c\abc-dental-practice-ltd\abc-dental-practice-ltd\main.c(273): warning C4996: 'scanf': This function or variable may be unsafe. Consider using scanf_s instead. To disable deprecation, use _CRT_SECURE_NO_WARNINGS. See online help for details.
  c:\program files (x86)\windows kits\10\include\10.0.17134.0\ucrt\stdio.h(1274): note: see declaration of 'scanf'
d:\visual projects\advance c\abc-dental-practice-ltd\abc-dental-practice-ltd\main.c(275): warning C4996: 'scanf': This function or variable may be unsafe. Consider using scanf_s instead. To disable deprecation, use _CRT_SECURE_NO_WARNINGS. See online help for details.
  c:\program files (x86)\windows kits\10\include\10.0.17134.0\ucrt\stdio.h(1274): note: see declaration of 'scanf'
d:\visual projects\advance c\abc-dental-practice-ltd\abc-dental-practice-ltd\main.c(278): warning C4996: 'scanf': This function or variable may be unsafe. Consider using scanf_s instead. To disable deprecation, use _CRT_SECURE_NO_WARNINGS. See online help for details.
  c:\program files (x86)\windows kits\10\include\10.0.17134.0\ucrt\stdio.h(1274): note: see declaration of 'scanf'
d:\visual projects\advance c\abc-dental-practice-ltd\abc-dental-practice-ltd\main.c(280): warning C4996: 'scanf': This function or variable may be unsafe. Consider using scanf_s instead. To disable deprecation, use _CRT_SECURE_NO_WARNINGS. See online help for details.
  c:\program files (x86)\windows kits\10\include\10.0.17134.0\ucrt\stdio.h(1274): note: see declaration of 'scanf'
d:\visual projects\advance c\abc-dental-practice-ltd\abc-dental-practice-ltd\main.c(284): warning C4996: 'strcpy': This function or variable may be unsafe. Consider using strcpy_s instead. To disable deprecation, use _CRT_SECURE_NO_WARNINGS. See online help for details.
  c:\program files (x86)\windows kits\10\include\10.0.17134.0\ucrt\string.h(133): note: see declaration of 'strcpy'
d:\visual projects\advance c\abc-dental-practice-ltd\abc-dental-practice-ltd\main.c(288): warning C4996: 'strcpy': This function or variable may be unsafe. Consider using strcpy_s instead. To disable deprecation, use _CRT_SECURE_NO_WARNINGS. See online help for details.
  c:\program files (x86)\windows kits\10\include\10.0.17134.0\ucrt\string.h(133): note: see declaration of 'strcpy'
d:\visual projects\advance c\abc-dental-practice-ltd\abc-dental-practice-ltd\main.c(294): warning C4996: 'scanf': This function or variable may be unsafe. Consider using scanf_s instead. To disable deprecation, use _CRT_SECURE_NO_WARNINGS. See online help for details.
  c:\program files (x86)\windows kits\10\include\10.0.17134.0\ucrt\stdio.h(1274): note: see declaration of 'scanf'
d:\visual projects\advance c\abc-dental-practice-ltd\abc-dental-practice-ltd\main.c(297): warning C4996: 'scanf': This function or variable may be unsafe. Consider using scanf_s instead. To disable deprecation, use _CRT_SECURE_NO_WARNINGS. See online help for details.
  c:\program files (x86)\windows kits\10\include\10.0.17134.0\ucrt\stdio.h(1274): note: see declaration of 'scanf'
d:\visual projects\advance c\abc-dental-practice-ltd\abc-dental-practice-ltd\main.c(300): warning C4996: 'strcpy': This function or variable may be unsafe. Consider using strcpy_s instead. To disable deprecation, use _CRT_SECURE_NO_WARNINGS. See online help for details.
  c:\program files (x86)\windows kits\10\include\10.0.17134.0\ucrt\string.h(133): note: see declaration of 'strcpy'
d:\visual projects\advance c\abc-dental-practice-ltd\abc-dental-practice-ltd\main.c(308): warning C4996: 'scanf': This function or variable may be unsafe. Consider using scanf_s instead. To disable deprecation, use _CRT_SECURE_NO_WARNINGS. See online help for details.
  c:\program files (x86)\windows kits\10\include\10.0.17134.0\ucrt\stdio.h(1274): note: see declaration of 'scanf'
d:\visual projects\advance c\abc-dental-practice-ltd\abc-dental-practice-ltd\main.c(310): warning C4996: 'scanf': This function or variable may be unsafe. Consider using scanf_s instead. To disable deprecation, use _CRT_SECURE_NO_WARNINGS. See online help for details.
  c:\program files (x86)\windows kits\10\include\10.0.17134.0\ucrt\stdio.h(1274): note: see declaration of 'scanf'
d:\visual projects\advance c\abc-dental-practice-ltd\abc-dental-practice-ltd\main.c(312): warning C4996: 'scanf': This function or variable may be unsafe. Consider using scanf_s instead. To disable deprecation, use _CRT_SECURE_NO_WARNINGS. See online help for details.
  c:\program files (x86)\windows kits\10\include\10.0.17134.0\ucrt\stdio.h(1274): note: see declaration of 'scanf'
d:\visual projects\advance c\abc-dental-practice-ltd\abc-dental-practice-ltd\main.c(314): warning C4996: 'scanf': This function or variable may be unsafe. Consider using scanf_s instead. To disable deprecation, use _CRT_SECURE_NO_WARNINGS. See online help for details.
  c:\program files (x86)\windows kits\10\include\10.0.17134.0\ucrt\stdio.h(1274): note: see declaration of 'scanf'
d:\visual projects\advance c\abc-dental-practice-ltd\abc-dental-practice-ltd\main.c(317): warning C4996: 'scanf': This function or variable may be unsafe. Consider using scanf_s instead. To disable deprecation, use _CRT_SECURE_NO_WARNINGS. See online help for details.
  c:\program files (x86)\windows kits\10\include\10.0.17134.0\ucrt\stdio.h(1274): note: see declaration of 'scanf'
d:\visual projects\advance c\abc-dental-practice-ltd\abc-dental-practice-ltd\main.c(321): warning C4996: 'strcpy': This function or variable may be unsafe. Consider using strcpy_s instead. To disable deprecation, use _CRT_SECURE_NO_WARNINGS. See online help for details.
  c:\program files (x86)\windows kits\10\include\10.0.17134.0\ucrt\string.h(133): note: see declaration of 'strcpy'
d:\visual projects\advance c\abc-dental-practice-ltd\abc-dental-practice-ltd\main.c(325): warning C4996: 'strcpy': This function or variable may be unsafe. Consider using strcpy_s instead. To disable deprecation, use _CRT_SECURE_NO_WARNINGS. See online help for details.
  c:\program files (x86)\windows kits\10\include\10.0.17134.0\ucrt\string.h(133): note: see declaration of 'strcpy'
d:\visual projects\advance c\abc-dental-practice-ltd\abc-dental-practice-ltd\main.c(331): warning C4996: 'scanf': This function or variable may be unsafe. Consider using scanf_s instead. To disable deprecation, use _CRT_SECURE_NO_WARNINGS. See online help for details.
  c:\program files (x86)\windows kits\10\include\10.0.17134.0\ucrt\stdio.h(1274): note: see declaration of 'scanf'
d:\visual projects\advance c\abc-dental-practice-ltd\abc-dental-practice-ltd\main.c(334): warning C4996: 'scanf': This function or variable may be unsafe. Consider using scanf_s instead. To disable deprecation, use _CRT_SECURE_NO_WARNINGS. See online help for details.
  c:\program files (x86)\windows kits\10\include\10.0.17134.0\ucrt\stdio.h(1274): note: see declaration of 'scanf'
d:\visual projects\advance c\abc-dental-practice-ltd\abc-dental-practice-ltd\main.c(337): warning C4996: 'strcpy': This function or variable may be unsafe. Consider using strcpy_s instead. To disable deprecation, use _CRT_SECURE_NO_WARNINGS. See online help for details.
  c:\program files (x86)\windows kits\10\include\10.0.17134.0\ucrt\string.h(133): note: see declaration of 'strcpy'
d:\visual projects\advance c\abc-dental-practice-ltd\abc-dental-practice-ltd\main.c(341): warning C4996: 'strcpy': This function or variable may be unsafe. Consider using strcpy_s instead. To disable deprecation, use _CRT_SECURE_NO_WARNINGS. See online help for details.
  c:\program files (x86)\windows kits\10\include\10.0.17134.0\ucrt\string.h(133): note: see declaration of 'strcpy'
d:\visual projects\advance c\abc-dental-practice-ltd\abc-dental-practice-ltd\main.c(345): warning C4996: 'strcpy': This function or variable may be unsafe. Consider using strcpy_s instead. To disable deprecation, use _CRT_SECURE_NO_WARNINGS. See online help for details.
  c:\program files (x86)\windows kits\10\include\10.0.17134.0\ucrt\string.h(133): note: see declaration of 'strcpy'
d:\visual projects\advance c\abc-dental-practice-ltd\abc-dental-practice-ltd\main.c(351): warning C4996: 'scanf': This function or variable may be unsafe. Consider using scanf_s instead. To disable deprecation, use _CRT_SECURE_NO_WARNINGS. See online help for details.
  c:\program files (x86)\windows kits\10\include\10.0.17134.0\ucrt\stdio.h(1274): note: see declaration of 'scanf'
d:\visual projects\advance c\abc-dental-practice-ltd\abc-dental-practice-ltd\main.c(354): warning C4996: 'scanf': This function or variable may be unsafe. Consider using scanf_s instead. To disable deprecation, use _CRT_SECURE_NO_WARNINGS. See online help for details.
  c:\program files (x86)\windows kits\10\include\10.0.17134.0\ucrt\stdio.h(1274): note: see declaration of 'scanf'
d:\visual projects\advance c\abc-dental-practice-ltd\abc-dental-practice-ltd\main.c(357): warning C4996: 'strcpy': This function or variable may be unsafe. Consider using strcpy_s instead. To disable deprecation, use _CRT_SECURE_NO_WARNINGS. See online help for details.
  c:\program files (x86)\windows kits\10\include\10.0.17134.0\ucrt\string.h(133): note: see declaration of 'strcpy'
d:\visual projects\advance c\abc-dental-practice-ltd\abc-dental-practice-ltd\main.c(361): warning C4996: 'strcpy': This function or variable may be unsafe. Consider using strcpy_s instead. To disable deprecation, use _CRT_SECURE_NO_WARNINGS. See online help for details.
  c:\program files (x86)\windows kits\10\include\10.0.17134.0\ucrt\string.h(133): note: see declaration of 'strcpy'
d:\visual projects\advance c\abc-dental-practice-ltd\abc-dental-practice-ltd\main.c(365): warning C4996: 'strcpy': This function or variable may be unsafe. Consider using strcpy_s instead. To disable deprecation, use _CRT_SECURE_NO_WARNINGS. See online help for details.
  c:\program files (x86)\windows kits\10\include\10.0.17134.0\ucrt\string.h(133): note: see declaration of 'strcpy'
d:\visual projects\advance c\abc-dental-practice-ltd\abc-dental-practice-ltd\main.c(371): warning C4996: 'scanf': This function or variable may be unsafe. Consider using scanf_s instead. To disable deprecation, use _CRT_SECURE_NO_WARNINGS. See online help for details.
  c:\program files (x86)\windows kits\10\include\10.0.17134.0\ucrt\stdio.h(1274): note: see declaration of 'scanf'
d:\visual projects\advance c\abc-dental-practice-ltd\abc-dental-practice-ltd\main.c(374): warning C4996: 'scanf': This function or variable may be unsafe. Consider using scanf_s instead. To disable deprecation, use _CRT_SECURE_NO_WARNINGS. See online help for details.
  c:\program files (x86)\windows kits\10\include\10.0.17134.0\ucrt\stdio.h(1274): note: see declaration of 'scanf'
d:\visual projects\advance c\abc-dental-practice-ltd\abc-dental-practice-ltd\main.c(377): warning C4996: 'strcpy': This function or variable may be unsafe. Consider using strcpy_s instead. To disable deprecation, use _CRT_SECURE_NO_WARNINGS. See online help for details.
  c:\program files (x86)\windows kits\10\include\10.0.17134.0\ucrt\string.h(133): note: see declaration of 'strcpy'
d:\visual projects\advance c\abc-dental-practice-ltd\abc-dental-practice-ltd\main.c(381): warning C4996: 'strcpy': This function or variable may be unsafe. Consider using strcpy_s instead. To disable deprecation, use _CRT_SECURE_NO_WARNINGS. See online help for details.
  c:\program files (x86)\windows kits\10\include\10.0.17134.0\ucrt\string.h(133): note: see declaration of 'strcpy'
d:\visual projects\advance c\abc-dental-practice-ltd\abc-dental-practice-ltd\main.c(385): warning C4996: 'strcpy': This function or variable may be unsafe. Consider using strcpy_s instead. To disable deprecation, use _CRT_SECURE_NO_WARNINGS. See online help for details.
  c:\program files (x86)\windows kits\10\include\10.0.17134.0\ucrt\string.h(133): note: see declaration of 'strcpy'
d:\visual projects\advance c\abc-dental-practice-ltd\abc-dental-practice-ltd\main.c(391): warning C4996: 'scanf': This function or variable may be unsafe. Consider using scanf_s instead. To disable deprecation, use _CRT_SECURE_NO_WARNINGS. See online help for details.
  c:\program files (x86)\windows kits\10\include\10.0.17134.0\ucrt\stdio.h(1274): note: see declaration of 'scanf'
d:\visual projects\advance c\abc-dental-practice-ltd\abc-dental-practice-ltd\main.c(517): warning C4996: 'scanf': This function or variable may be unsafe. Consider using scanf_s instead. To disable deprecation, use _CRT_SECURE_NO_WARNINGS. See online help for details.
  c:\program files (x86)\windows kits\10\include\10.0.17134.0\ucrt\stdio.h(1274): note: see declaration of 'scanf'
d:\visual projects\advance c\abc-dental-practice-ltd\abc-dental-practice-ltd\main.c(521): warning C4996: 'fopen': This function or variable may be unsafe. Consider using fopen_s instead. To disable deprecation, use _CRT_SECURE_NO_WARNINGS. See online help for details.
  c:\program files (x86)\windows kits\10\include\10.0.17134.0\ucrt\stdio.h(208): note: see declaration of 'fopen'
d:\visual projects\advance c\abc-dental-practice-ltd\abc-dental-practice-ltd\main.c(522): warning C4996: 'fopen': This function or variable may be unsafe. Consider using fopen_s instead. To disable deprecation, use _CRT_SECURE_NO_WARNINGS. See online help for details.
  c:\program files (x86)\windows kits\10\include\10.0.17134.0\ucrt\stdio.h(208): note: see declaration of 'fopen'
d:\visual projects\advance c\abc-dental-practice-ltd\abc-dental-practice-ltd\main.c(528): warning C4996: 'scanf': This function or variable may be unsafe. Consider using scanf_s instead. To disable deprecation, use _CRT_SECURE_NO_WARNINGS. See online help for details.
  c:\program files (x86)\windows kits\10\include\10.0.17134.0\ucrt\stdio.h(1274): note: see declaration of 'scanf'
d:\visual projects\advance c\abc-dental-practice-ltd\abc-dental-practice-ltd\main.c(533): warning C4996: 'getch': The POSIX name for this item is deprecated. Instead, use the ISO C and C++ conformant name: _getch. See online help for details.
  c:\program files (x86)\windows kits\10\include\10.0.17134.0\ucrt\conio.h(453): note: see declaration of 'getch'
d:\visual projects\advance c\abc-dental-practice-ltd\abc-dental-practice-ltd\main.c(556): warning C4996: 'fopen': This function or variable may be unsafe. Consider using fopen_s instead. To disable deprecation, use _CRT_SECURE_NO_WARNINGS. See online help for details.
  c:\program files (x86)\windows kits\10\include\10.0.17134.0\ucrt\stdio.h(208): note: see declaration of 'fopen'
d:\visual projects\advance c\abc-dental-practice-ltd\abc-dental-practice-ltd\main.c(557): warning C4996: 'fopen': This function or variable may be unsafe. Consider using fopen_s instead. To disable deprecation, use _CRT_SECURE_NO_WARNINGS. See online help for details.
  c:\program files (x86)\windows kits\10\include\10.0.17134.0\ucrt\stdio.h(208): note: see declaration of 'fopen'
d:\visual projects\advance c\abc-dental-practice-ltd\abc-dental-practice-ltd\main.c(563): warning C4996: 'scanf': This function or variable may be unsafe. Consider using scanf_s instead. To disable deprecation, use _CRT_SECURE_NO_WARNINGS. See online help for details.
  c:\program files (x86)\windows kits\10\include\10.0.17134.0\ucrt\stdio.h(1274): note: see declaration of 'scanf'
d:\visual projects\advance c\abc-dental-practice-ltd\abc-dental-practice-ltd\main.c(567): warning C4996: 'getch': The POSIX name for this item is deprecated. Instead, use the ISO C and C++ conformant name: _getch. See online help for details.
  c:\program files (x86)\windows kits\10\include\10.0.17134.0\ucrt\conio.h(453): note: see declaration of 'getch'
d:\visual projects\advance c\abc-dental-practice-ltd\abc-dental-practice-ltd\main.c(573): warning C4996: 'strcpy': This function or variable may be unsafe. Consider using strcpy_s instead. To disable deprecation, use _CRT_SECURE_NO_WARNINGS. See online help for details.
  c:\program files (x86)\windows kits\10\include\10.0.17134.0\ucrt\string.h(133): note: see declaration of 'strcpy'
d:\visual projects\advance c\abc-dental-practice-ltd\abc-dental-practice-ltd\main.c(576): warning C4996: 'scanf': This function or variable may be unsafe. Consider using scanf_s instead. To disable deprecation, use _CRT_SECURE_NO_WARNINGS. See online help for details.
  c:\program files (x86)\windows kits\10\include\10.0.17134.0\ucrt\stdio.h(1274): note: see declaration of 'scanf'
d:\visual projects\advance c\abc-dental-practice-ltd\abc-dental-practice-ltd\main.c(593): warning C4996: 'scanf': This function or variable may be unsafe. Consider using scanf_s instead. To disable deprecation, use _CRT_SECURE_NO_WARNINGS. See online help for details.
  c:\program files (x86)\windows kits\10\include\10.0.17134.0\ucrt\stdio.h(1274): note: see declaration of 'scanf'
d:\visual projects\advance c\abc-dental-practice-ltd\abc-dental-practice-ltd\main.c(612): warning C4996: 'scanf': This function or variable may be unsafe. Consider using scanf_s instead. To disable deprecation, use _CRT_SECURE_NO_WARNINGS. See online help for details.
  c:\program files (x86)\windows kits\10\include\10.0.17134.0\ucrt\stdio.h(1274): note: see declaration of 'scanf'
d:\visual projects\advance c\abc-dental-practice-ltd\abc-dental-practice-ltd\main.c(617): warning C4996: 'scanf': This function or variable may be unsafe. Consider using scanf_s instead. To disable deprecation, use _CRT_SECURE_NO_WARNINGS. See online help for details.
  c:\program files (x86)\windows kits\10\include\10.0.17134.0\ucrt\stdio.h(1274): note: see declaration of 'scanf'
d:\visual projects\advance c\abc-dental-practice-ltd\abc-dental-practice-ltd\main.c(624): warning C4996: 'scanf': This function or variable may be unsafe. Consider using scanf_s instead. To disable deprecation, use _CRT_SECURE_NO_WARNINGS. See online help for details.
  c:\program files (x86)\windows kits\10\include\10.0.17134.0\ucrt\stdio.h(1274): note: see declaration of 'scanf'
d:\visual projects\advance c\abc-dental-practice-ltd\abc-dental-practice-ltd\main.c(631): warning C4996: 'scanf': This function or variable may be unsafe. Consider using scanf_s instead. To disable deprecation, use _CRT_SECURE_NO_WARNINGS. See online help for details.
  c:\program files (x86)\windows kits\10\include\10.0.17134.0\ucrt\stdio.h(1274): note: see declaration of 'scanf'
d:\visual projects\advance c\abc-dental-practice-ltd\abc-dental-practice-ltd\main.c(636): warning C4996: 'scanf': This function or variable may be unsafe. Consider using scanf_s instead. To disable deprecation, use _CRT_SECURE_NO_WARNINGS. See online help for details.
  c:\program files (x86)\windows kits\10\include\10.0.17134.0\ucrt\stdio.h(1274): note: see declaration of 'scanf'
d:\visual projects\advance c\abc-dental-practice-ltd\abc-dental-practice-ltd\main.c(643): warning C4996: 'scanf': This function or variable may be unsafe. Consider using scanf_s instead. To disable deprecation, use _CRT_SECURE_NO_WARNINGS. See online help for details.
  c:\program files (x86)\windows kits\10\include\10.0.17134.0\ucrt\stdio.h(1274): note: see declaration of 'scanf'
d:\visual projects\advance c\abc-dental-practice-ltd\abc-dental-practice-ltd\main.c(651): warning C4996: 'scanf': This function or variable may be unsafe. Consider using scanf_s instead. To disable deprecation, use _CRT_SECURE_NO_WARNINGS. See online help for details.
  c:\program files (x86)\windows kits\10\include\10.0.17134.0\ucrt\stdio.h(1274): note: see declaration of 'scanf'
d:\visual projects\advance c\abc-dental-practice-ltd\abc-dental-practice-ltd\main.c(659): warning C4996: 'scanf': This function or variable may be unsafe. Consider using scanf_s instead. To disable deprecation, use _CRT_SECURE_NO_WARNINGS. See online help for details.
  c:\program files (x86)\windows kits\10\include\10.0.17134.0\ucrt\stdio.h(1274): note: see declaration of 'scanf'
d:\visual projects\advance c\abc-dental-practice-ltd\abc-dental-practice-ltd\main.c(590): warning C4101: 'chkId': unreferenced local variable
d:\visual projects\advance c\abc-dental-practice-ltd\abc-dental-practice-ltd\main.c(683): warning C4996: 'scanf': This function or variable may be unsafe. Consider using scanf_s instead. To disable deprecation, use _CRT_SECURE_NO_WARNINGS. See online help for details.
  c:\program files (x86)\windows kits\10\include\10.0.17134.0\ucrt\stdio.h(1274): note: see declaration of 'scanf'
d:\visual projects\advance c\abc-dental-practice-ltd\abc-dental-practice-ltd\main.c(687): warning C4996: 'scanf': This function or variable may be unsafe. Consider using scanf_s instead. To disable deprecation, use _CRT_SECURE_NO_WARNINGS. See online help for details.
  c:\program files (x86)\windows kits\10\include\10.0.17134.0\ucrt\stdio.h(1274): note: see declaration of 'scanf'
d:\visual projects\advance c\abc-dental-practice-ltd\abc-dental-practice-ltd\main.c(699): warning C4996: 'scanf': This function or variable may be unsafe. Consider using scanf_s instead. To disable deprecation, use _CRT_SECURE_NO_WARNINGS. See online help for details.
  c:\program files (x86)\windows kits\10\include\10.0.17134.0\ucrt\stdio.h(1274): note: see declaration of 'scanf'
d:\visual projects\advance c\abc-dental-practice-ltd\abc-dental-practice-ltd\main.c(704): warning C4996: 'scanf': This function or variable may be unsafe. Consider using scanf_s instead. To disable deprecation, use _CRT_SECURE_NO_WARNINGS. See online help for details.
  c:\program files (x86)\windows kits\10\include\10.0.17134.0\ucrt\stdio.h(1274): note: see declaration of 'scanf'
d:\visual projects\advance c\abc-dental-practice-ltd\abc-dental-practice-ltd\main.c(709): warning C4996: 'scanf': This function or variable may be unsafe. Consider using scanf_s instead. To disable deprecation, use _CRT_SECURE_NO_WARNINGS. See online help for details.
  c:\program files (x86)\windows kits\10\include\10.0.17134.0\ucrt\stdio.h(1274): note: see declaration of 'scanf'
d:\visual projects\advance c\abc-dental-practice-ltd\abc-dental-practice-ltd\main.c(714): warning C4996: 'scanf': This function or variable may be unsafe. Consider using scanf_s instead. To disable deprecation, use _CRT_SECURE_NO_WARNINGS. See online help for details.
  c:\program files (x86)\windows kits\10\include\10.0.17134.0\ucrt\stdio.h(1274): note: see declaration of 'scanf'
d:\visual projects\advance c\abc-dental-practice-ltd\abc-dental-practice-ltd\main.c(718): warning C4996: 'strcpy': This function or variable may be unsafe. Consider using strcpy_s instead. To disable deprecation, use _CRT_SECURE_NO_WARNINGS. See online help for details.
  c:\program files (x86)\windows kits\10\include\10.0.17134.0\ucrt\string.h(133): note: see declaration of 'strcpy'
d:\visual projects\advance c\abc-dental-practice-ltd\abc-dental-practice-ltd\main.c(722): warning C4996: 'strcpy': This function or variable may be unsafe. Consider using strcpy_s instead. To disable deprecation, use _CRT_SECURE_NO_WARNINGS. See online help for details.
  c:\program files (x86)\windows kits\10\include\10.0.17134.0\ucrt\string.h(133): note: see declaration of 'strcpy'
d:\visual projects\advance c\abc-dental-practice-ltd\abc-dental-practice-ltd\main.c(728): warning C4996: 'scanf': This function or variable may be unsafe. Consider using scanf_s instead. To disable deprecation, use _CRT_SECURE_NO_WARNINGS. See online help for details.
  c:\program files (x86)\windows kits\10\include\10.0.17134.0\ucrt\stdio.h(1274): note: see declaration of 'scanf'
d:\visual projects\advance c\abc-dental-practice-ltd\abc-dental-practice-ltd\main.c(734): warning C4996: 'scanf': This function or variable may be unsafe. Consider using scanf_s instead. To disable deprecation, use _CRT_SECURE_NO_WARNINGS. See online help for details.
  c:\program files (x86)\windows kits\10\include\10.0.17134.0\ucrt\stdio.h(1274): note: see declaration of 'scanf'
d:\visual projects\advance c\abc-dental-practice-ltd\abc-dental-practice-ltd\main.c(737): warning C4996: 'strcpy': This function or variable may be unsafe. Consider using strcpy_s instead. To disable deprecation, use _CRT_SECURE_NO_WARNINGS. See online help for details.
  c:\program files (x86)\windows kits\10\include\10.0.17134.0\ucrt\string.h(133): note: see declaration of 'strcpy'
d:\visual projects\advance c\abc-dental-practice-ltd\abc-dental-practice-ltd\main.c(748): warning C4996: 'scanf': This function or variable may be unsafe. Consider using scanf_s instead. To disable deprecation, use _CRT_SECURE_NO_WARNINGS. See online help for details.
  c:\program files (x86)\windows kits\10\include\10.0.17134.0\ucrt\stdio.h(1274): note: see declaration of 'scanf'
d:\visual projects\advance c\abc-dental-practice-ltd\abc-dental-practice-ltd\main.c(753): warning C4996: 'scanf': This function or variable may be unsafe. Consider using scanf_s instead. To disable deprecation, use _CRT_SECURE_NO_WARNINGS. See online help for details.
  c:\program files (x86)\windows kits\10\include\10.0.17134.0\ucrt\stdio.h(1274): note: see declaration of 'scanf'
d:\visual projects\advance c\abc-dental-practice-ltd\abc-dental-practice-ltd\main.c(758): warning C4996: 'scanf': This function or variable may be unsafe. Consider using scanf_s instead. To disable deprecation, use _CRT_SECURE_NO_WARNINGS. See online help for details.
  c:\program files (x86)\windows kits\10\include\10.0.17134.0\ucrt\stdio.h(1274): note: see declaration of 'scanf'
d:\visual projects\advance c\abc-dental-practice-ltd\abc-dental-practice-ltd\main.c(764): warning C4996: 'scanf': This function or variable may be unsafe. Consider using scanf_s instead. To disable deprecation, use _CRT_SECURE_NO_WARNINGS. See online help for details.
  c:\program files (x86)\windows kits\10\include\10.0.17134.0\ucrt\stdio.h(1274): note: see declaration of 'scanf'
d:\visual projects\advance c\abc-dental-practice-ltd\abc-dental-practice-ltd\main.c(770): warning C4996: 'scanf': This function or variable may be unsafe. Consider using scanf_s instead. To disable deprecation, use _CRT_SECURE_NO_WARNINGS. See online help for details.
  c:\program files (x86)\windows kits\10\include\10.0.17134.0\ucrt\stdio.h(1274): note: see declaration of 'scanf'
d:\visual projects\advance c\abc-dental-practice-ltd\abc-dental-practice-ltd\main.c(774): warning C4996: 'strcpy': This function or variable may be unsafe. Consider using strcpy_s instead. To disable deprecation, use _CRT_SECURE_NO_WARNINGS. See online help for details.
  c:\program files (x86)\windows kits\10\include\10.0.17134.0\ucrt\string.h(133): note: see declaration of 'strcpy'
d:\visual projects\advance c\abc-dental-practice-ltd\abc-dental-practice-ltd\main.c(778): warning C4996: 'strcpy': This function or variable may be unsafe. Consider using strcpy_s instead. To disable deprecation, use _CRT_SECURE_NO_WARNINGS. See online help for details.
  c:\program files (x86)\windows kits\10\include\10.0.17134.0\ucrt\string.h(133): note: see declaration of 'strcpy'
d:\visual projects\advance c\abc-dental-practice-ltd\abc-dental-practice-ltd\main.c(784): warning C4996: 'scanf': This function or variable may be unsafe. Consider using scanf_s instead. To disable deprecation, use _CRT_SECURE_NO_WARNINGS. See online help for details.
  c:\program files (x86)\windows kits\10\include\10.0.17134.0\ucrt\stdio.h(1274): note: see declaration of 'scanf'
d:\visual projects\advance c\abc-dental-practice-ltd\abc-dental-practice-ltd\main.c(790): warning C4996: 'scanf': This function or variable may be unsafe. Consider using scanf_s instead. To disable deprecation, use _CRT_SECURE_NO_WARNINGS. See online help for details.
  c:\program files (x86)\windows kits\10\include\10.0.17134.0\ucrt\stdio.h(1274): note: see declaration of 'scanf'
d:\visual projects\advance c\abc-dental-practice-ltd\abc-dental-practice-ltd\main.c(793): warning C4996: 'strcpy': This function or variable may be unsafe. Consider using strcpy_s instead. To disable deprecation, use _CRT_SECURE_NO_WARNINGS. See online help for details.
  c:\program files (x86)\windows kits\10\include\10.0.17134.0\ucrt\string.h(133): note: see declaration of 'strcpy'
d:\visual projects\advance c\abc-dental-practice-ltd\abc-dental-practice-ltd\main.c(797): warning C4996: 'strcpy': This function or variable may be unsafe. Consider using strcpy_s instead. To disable deprecation, use _CRT_SECURE_NO_WARNINGS. See online help for details.
  c:\program files (x86)\windows kits\10\include\10.0.17134.0\ucrt\string.h(133): note: see declaration of 'strcpy'
d:\visual projects\advance c\abc-dental-practice-ltd\abc-dental-practice-ltd\main.c(801): warning C4996: 'strcpy': This function or variable may be unsafe. Consider using strcpy_s instead. To disable deprecation, use _CRT_SECURE_NO_WARNINGS. See online help for details.
  c:\program files (x86)\windows kits\10\include\10.0.17134.0\ucrt\string.h(133): note: see declaration of 'strcpy'
d:\visual projects\advance c\abc-dental-practice-ltd\abc-dental-practice-ltd\main.c(807): warning C4996: 'scanf': This function or variable may be unsafe. Consider using scanf_s instead. To disable deprecation, use _CRT_SECURE_NO_WARNINGS. See online help for details.
  c:\program files (x86)\windows kits\10\include\10.0.17134.0\ucrt\stdio.h(1274): note: see declaration of 'scanf'
d:\visual projects\advance c\abc-dental-practice-ltd\abc-dental-practice-ltd\main.c(813): warning C4996: 'scanf': This function or variable may be unsafe. Consider using scanf_s instead. To disable deprecation, use _CRT_SECURE_NO_WARNINGS. See online help for details.
  c:\program files (x86)\windows kits\10\include\10.0.17134.0\ucrt\stdio.h(1274): note: see declaration of 'scanf'
d:\visual projects\advance c\abc-dental-practice-ltd\abc-dental-practice-ltd\main.c(816): warning C4996: 'strcpy': This function or variable may be unsafe. Consider using strcpy_s instead. To disable deprecation, use _CRT_SECURE_NO_WARNINGS. See online help for details.
  c:\program files (x86)\windows kits\10\include\10.0.17134.0\ucrt\string.h(133): note: see declaration of 'strcpy'
d:\visual projects\advance c\abc-dental-practice-ltd\abc-dental-practice-ltd\main.c(820): warning C4996: 'strcpy': This function or variable may be unsafe. Consider using strcpy_s instead. To disable deprecation, use _CRT_SECURE_NO_WARNINGS. See online help for details.
  c:\program files (x86)\windows kits\10\include\10.0.17134.0\ucrt\string.h(133): note: see declaration of 'strcpy'
d:\visual projects\advance c\abc-dental-practice-ltd\abc-dental-practice-ltd\main.c(824): warning C4996: 'strcpy': This function or variable may be unsafe. Consider using strcpy_s instead. To disable deprecation, use _CRT_SECURE_NO_WARNINGS. See online help for details.
  c:\program files (x86)\windows kits\10\include\10.0.17134.0\ucrt\string.h(133): note: see declaration of 'strcpy'
d:\visual projects\advance c\abc-dental-practice-ltd\abc-dental-practice-ltd\main.c(830): warning C4996: 'scanf': This function or variable may be unsafe. Consider using scanf_s instead. To disable deprecation, use _CRT_SECURE_NO_WARNINGS. See online help for details.
  c:\program files (x86)\windows kits\10\include\10.0.17134.0\ucrt\stdio.h(1274): note: see declaration of 'scanf'
d:\visual projects\advance c\abc-dental-practice-ltd\abc-dental-practice-ltd\main.c(836): warning C4996: 'scanf': This function or variable may be unsafe. Consider using scanf_s instead. To disable deprecation, use _CRT_SECURE_NO_WARNINGS. See online help for details.
  c:\program files (x86)\windows kits\10\include\10.0.17134.0\ucrt\stdio.h(1274): note: see declaration of 'scanf'
d:\visual projects\advance c\abc-dental-practice-ltd\abc-dental-practice-ltd\main.c(839): warning C4996: 'strcpy': This function or variable may be unsafe. Consider using strcpy_s instead. To disable deprecation, use _CRT_SECURE_NO_WARNINGS. See online help for details.
  c:\program files (x86)\windows kits\10\include\10.0.17134.0\ucrt\string.h(133): note: see declaration of 'strcpy'
d:\visual projects\advance c\abc-dental-practice-ltd\abc-dental-practice-ltd\main.c(843): warning C4996: 'strcpy': This function or variable may be unsafe. Consider using strcpy_s instead. To disable deprecation, use _CRT_SECURE_NO_WARNINGS. See online help for details.
  c:\program files (x86)\windows kits\10\include\10.0.17134.0\ucrt\string.h(133): note: see declaration of 'strcpy'
d:\visual projects\advance c\abc-dental-practice-ltd\abc-dental-practice-ltd\main.c(847): warning C4996: 'strcpy': This function or variable may be unsafe. Consider using strcpy_s instead. To disable deprecation, use _CRT_SECURE_NO_WARNINGS. See online help for details.
  c:\program files (x86)\windows kits\10\include\10.0.17134.0\ucrt\string.h(133): note: see declaration of 'strcpy'
d:\visual projects\advance c\abc-dental-practice-ltd\abc-dental-practice-ltd\main.c(853): warning C4996: 'scanf': This function or variable may be unsafe. Consider using scanf_s instead. To disable deprecation, use _CRT_SECURE_NO_WARNINGS. See online help for details.
  c:\program files (x86)\windows kits\10\include\10.0.17134.0\ucrt\stdio.h(1274): note: see declaration of 'scanf'
d:\visual projects\advance c\abc-dental-practice-ltd\abc-dental-practice-ltd\main.c(880): warning C4996: 'scanf': This function or variable may be unsafe. Consider using scanf_s instead. To disable deprecation, use _CRT_SECURE_NO_WARNINGS. See online help for details.
  c:\program files (x86)\windows kits\10\include\10.0.17134.0\ucrt\stdio.h(1274): note: see declaration of 'scanf'
d:\visual projects\advance c\abc-dental-practice-ltd\abc-dental-practice-ltd\main.c(884): warning C4996: 'scanf': This function or variable may be unsafe. Consider using scanf_s instead. To disable deprecation, use _CRT_SECURE_NO_WARNINGS. See online help for details.
  c:\program files (x86)\windows kits\10\include\10.0.17134.0\ucrt\stdio.h(1274): note: see declaration of 'scanf'
d:\visual projects\advance c\abc-dental-practice-ltd\abc-dental-practice-ltd\main.c(896): warning C4996: 'scanf': This function or variable may be unsafe. Consider using scanf_s instead. To disable deprecation, use _CRT_SECURE_NO_WARNINGS. See online help for details.
  c:\program files (x86)\windows kits\10\include\10.0.17134.0\ucrt\stdio.h(1274): note: see declaration of 'scanf'
d:\visual projects\advance c\abc-dental-practice-ltd\abc-dental-practice-ltd\main.c(901): warning C4996: 'scanf': This function or variable may be unsafe. Consider using scanf_s instead. To disable deprecation, use _CRT_SECURE_NO_WARNINGS. See online help for details.
  c:\program files (x86)\windows kits\10\include\10.0.17134.0\ucrt\stdio.h(1274): note: see declaration of 'scanf'
d:\visual projects\advance c\abc-dental-practice-ltd\abc-dental-practice-ltd\main.c(906): warning C4996: 'scanf': This function or variable may be unsafe. Consider using scanf_s instead. To disable deprecation, use _CRT_SECURE_NO_WARNINGS. See online help for details.
  c:\program files (x86)\windows kits\10\include\10.0.17134.0\ucrt\stdio.h(1274): note: see declaration of 'scanf'
d:\visual projects\advance c\abc-dental-practice-ltd\abc-dental-practice-ltd\main.c(911): warning C4996: 'scanf': This function or variable may be unsafe. Consider using scanf_s instead. To disable deprecation, use _CRT_SECURE_NO_WARNINGS. See online help for details.
  c:\program files (x86)\windows kits\10\include\10.0.17134.0\ucrt\stdio.h(1274): note: see declaration of 'scanf'
d:\visual projects\advance c\abc-dental-practice-ltd\abc-dental-practice-ltd\main.c(915): warning C4996: 'strcpy': This function or variable may be unsafe. Consider using strcpy_s instead. To disable deprecation, use _CRT_SECURE_NO_WARNINGS. See online help for details.
  c:\program files (x86)\windows kits\10\include\10.0.17134.0\ucrt\string.h(133): note: see declaration of 'strcpy'
d:\visual projects\advance c\abc-dental-practice-ltd\abc-dental-practice-ltd\main.c(919): warning C4996: 'strcpy': This function or variable may be unsafe. Consider using strcpy_s instead. To disable deprecation, use _CRT_SECURE_NO_WARNINGS. See online help for details.
  c:\program files (x86)\windows kits\10\include\10.0.17134.0\ucrt\string.h(133): note: see declaration of 'strcpy'
d:\visual projects\advance c\abc-dental-practice-ltd\abc-dental-practice-ltd\main.c(925): warning C4996: 'scanf': This function or variable may be unsafe. Consider using scanf_s instead. To disable deprecation, use _CRT_SECURE_NO_WARNINGS. See online help for details.
  c:\program files (x86)\windows kits\10\include\10.0.17134.0\ucrt\stdio.h(1274): note: see declaration of 'scanf'
d:\visual projects\advance c\abc-dental-practice-ltd\abc-dental-practice-ltd\main.c(931): warning C4996: 'scanf': This function or variable may be unsafe. Consider using scanf_s instead. To disable deprecation, use _CRT_SECURE_NO_WARNINGS. See online help for details.
  c:\program files (x86)\windows kits\10\include\10.0.17134.0\ucrt\stdio.h(1274): note: see declaration of 'scanf'
d:\visual projects\advance c\abc-dental-practice-ltd\abc-dental-practice-ltd\main.c(934): warning C4996: 'strcpy': This function or variable may be unsafe. Consider using strcpy_s instead. To disable deprecation, use _CRT_SECURE_NO_WARNINGS. See online help for details.
  c:\program files (x86)\windows kits\10\include\10.0.17134.0\ucrt\string.h(133): note: see declaration of 'strcpy'
d:\visual projects\advance c\abc-dental-practice-ltd\abc-dental-practice-ltd\main.c(945): warning C4996: 'scanf': This function or variable may be unsafe. Consider using scanf_s instead. To disable deprecation, use _CRT_SECURE_NO_WARNINGS. See online help for details.
  c:\program files (x86)\windows kits\10\include\10.0.17134.0\ucrt\stdio.h(1274): note: see declaration of 'scanf'
d:\visual projects\advance c\abc-dental-practice-ltd\abc-dental-practice-ltd\main.c(950): warning C4996: 'scanf': This function or variable may be unsafe. Consider using scanf_s instead. To disable deprecation, use _CRT_SECURE_NO_WARNINGS. See online help for details.
  c:\program files (x86)\windows kits\10\include\10.0.17134.0\ucrt\stdio.h(1274): note: see declaration of 'scanf'
d:\visual projects\advance c\abc-dental-practice-ltd\abc-dental-practice-ltd\main.c(955): warning C4996: 'scanf': This function or variable may be unsafe. Consider using scanf_s instead. To disable deprecation, use _CRT_SECURE_NO_WARNINGS. See online help for details.
  c:\program files (x86)\windows kits\10\include\10.0.17134.0\ucrt\stdio.h(1274): note: see declaration of 'scanf'
d:\visual projects\advance c\abc-dental-practice-ltd\abc-dental-practice-ltd\main.c(961): warning C4996: 'scanf': This function or variable may be unsafe. Consider using scanf_s instead. To disable deprecation, use _CRT_SECURE_NO_WARNINGS. See online help for details.
  c:\program files (x86)\windows kits\10\include\10.0.17134.0\ucrt\stdio.h(1274): note: see declaration of 'scanf'
d:\visual projects\advance c\abc-dental-practice-ltd\abc-dental-practice-ltd\main.c(967): warning C4996: 'scanf': This function or variable may be unsafe. Consider using scanf_s instead. To disable deprecation, use _CRT_SECURE_NO_WARNINGS. See online help for details.
  c:\program files (x86)\windows kits\10\include\10.0.17134.0\ucrt\stdio.h(1274): note: see declaration of 'scanf'
d:\visual projects\advance c\abc-dental-practice-ltd\abc-dental-practice-ltd\main.c(971): warning C4996: 'strcpy': This function or variable may be unsafe. Consider using strcpy_s instead. To disable deprecation, use _CRT_SECURE_NO_WARNINGS. See online help for details.
  c:\program files (x86)\windows kits\10\include\10.0.17134.0\ucrt\string.h(133): note: see declaration of 'strcpy'
d:\visual projects\advance c\abc-dental-practice-ltd\abc-dental-practice-ltd\main.c(975): warning C4996: 'strcpy': This function or variable may be unsafe. Consider using strcpy_s instead. To disable deprecation, use _CRT_SECURE_NO_WARNINGS. See online help for details.
  c:\program files (x86)\windows kits\10\include\10.0.17134.0\ucrt\string.h(133): note: see declaration of 'strcpy'
d:\visual projects\advance c\abc-dental-practice-ltd\abc-dental-practice-ltd\main.c(981): warning C4996: 'scanf': This function or variable may be unsafe. Consider using scanf_s instead. To disable deprecation, use _CRT_SECURE_NO_WARNINGS. See online help for details.
  c:\program files (x86)\windows kits\10\include\10.0.17134.0\ucrt\stdio.h(1274): note: see declaration of 'scanf'
d:\visual projects\advance c\abc-dental-practice-ltd\abc-dental-practice-ltd\main.c(987): warning C4996: 'scanf': This function or variable may be unsafe. Consider using scanf_s instead. To disable deprecation, use _CRT_SECURE_NO_WARNINGS. See online help for details.
  c:\program files (x86)\windows kits\10\include\10.0.17134.0\ucrt\stdio.h(1274): note: see declaration of 'scanf'
d:\visual projects\advance c\abc-dental-practice-ltd\abc-dental-practice-ltd\main.c(990): warning C4996: 'strcpy': This function or variable may be unsafe. Consider using strcpy_s instead. To disable deprecation, use _CRT_SECURE_NO_WARNINGS. See online help for details.
  c:\program files (x86)\windows kits\10\include\10.0.17134.0\ucrt\string.h(133): note: see declaration of 'strcpy'
d:\visual projects\advance c\abc-dental-practice-ltd\abc-dental-practice-ltd\main.c(994): warning C4996: 'strcpy': This function or variable may be unsafe. Consider using strcpy_s instead. To disable deprecation, use _CRT_SECURE_NO_WARNINGS. See online help for details.
  c:\program files (x86)\windows kits\10\include\10.0.17134.0\ucrt\string.h(133): note: see declaration of 'strcpy'
d:\visual projects\advance c\abc-dental-practice-ltd\abc-dental-practice-ltd\main.c(998): warning C4996: 'strcpy': This function or variable may be unsafe. Consider using strcpy_s instead. To disable deprecation, use _CRT_SECURE_NO_WARNINGS. See online help for details.
  c:\program files (x86)\windows kits\10\include\10.0.17134.0\ucrt\string.h(133): note: see declaration of 'strcpy'
d:\visual projects\advance c\abc-dental-practice-ltd\abc-dental-practice-ltd\main.c(1004): warning C4996: 'scanf': This function or variable may be unsafe. Consider using scanf_s instead. To disable deprecation, use _CRT_SECURE_NO_WARNINGS. See online help for details.
  c:\program files (x86)\windows kits\10\include\10.0.17134.0\ucrt\stdio.h(1274): note: see declaration of 'scanf'
d:\visual projects\advance c\abc-dental-practice-ltd\abc-dental-practice-ltd\main.c(1010): warning C4996: 'scanf': This function or variable may be unsafe. Consider using scanf_s instead. To disable deprecation, use _CRT_SECURE_NO_WARNINGS. See online help for details.
  c:\program files (x86)\windows kits\10\include\10.0.17134.0\ucrt\stdio.h(1274): note: see declaration of 'scanf'
d:\visual projects\advance c\abc-dental-practice-ltd\abc-dental-practice-ltd\main.c(1013): warning C4996: 'strcpy': This function or variable may be unsafe. Consider using strcpy_s instead. To disable deprecation, use _CRT_SECURE_NO_WARNINGS. See online help for details.
  c:\program files (x86)\windows kits\10\include\10.0.17134.0\ucrt\string.h(133): note: see declaration of 'strcpy'
d:\visual projects\advance c\abc-dental-practice-ltd\abc-dental-practice-ltd\main.c(1017): warning C4996: 'strcpy': This function or variable may be unsafe. Consider using strcpy_s instead. To disable deprecation, use _CRT_SECURE_NO_WARNINGS. See online help for details.
  c:\program files (x86)\windows kits\10\include\10.0.17134.0\ucrt\string.h(133): note: see declaration of 'strcpy'
d:\visual projects\advance c\abc-dental-practice-ltd\abc-dental-practice-ltd\main.c(1021): warning C4996: 'strcpy': This function or variable may be unsafe. Consider using strcpy_s instead. To disable deprecation, use _CRT_SECURE_NO_WARNINGS. See online help for details.
  c:\program files (x86)\windows kits\10\include\10.0.17134.0\ucrt\string.h(133): note: see declaration of 'strcpy'
d:\visual projects\advance c\abc-dental-practice-ltd\abc-dental-practice-ltd\main.c(1027): warning C4996: 'scanf': This function or variable may be unsafe. Consider using scanf_s instead. To disable deprecation, use _CRT_SECURE_NO_WARNINGS. See online help for details.
  c:\program files (x86)\windows kits\10\include\10.0.17134.0\ucrt\stdio.h(1274): note: see declaration of 'scanf'
d:\visual projects\advance c\abc-dental-practice-ltd\abc-dental-practice-ltd\main.c(1033): warning C4996: 'scanf': This function or variable may be unsafe. Consider using scanf_s instead. To disable deprecation, use _CRT_SECURE_NO_WARNINGS. See online help for details.
  c:\program files (x86)\windows kits\10\include\10.0.17134.0\ucrt\stdio.h(1274): note: see declaration of 'scanf'
d:\visual projects\advance c\abc-dental-practice-ltd\abc-dental-practice-ltd\main.c(1036): warning C4996: 'strcpy': This function or variable may be unsafe. Consider using strcpy_s instead. To disable deprecation, use _CRT_SECURE_NO_WARNINGS. See online help for details.
  c:\program files (x86)\windows kits\10\include\10.0.17134.0\ucrt\string.h(133): note: see declaration of 'strcpy'
d:\visual projects\advance c\abc-dental-practice-ltd\abc-dental-practice-ltd\main.c(1040): warning C4996: 'strcpy': This function or variable may be unsafe. Consider using strcpy_s instead. To disable deprecation, use _CRT_SECURE_NO_WARNINGS. See online help for details.
  c:\program files (x86)\windows kits\10\include\10.0.17134.0\ucrt\string.h(133): note: see declaration of 'strcpy'
d:\visual projects\advance c\abc-dental-practice-ltd\abc-dental-practice-ltd\main.c(1044): warning C4996: 'strcpy': This function or variable may be unsafe. Consider using strcpy_s instead. To disable deprecation, use _CRT_SECURE_NO_WARNINGS. See online help for details.
  c:\program files (x86)\windows kits\10\include\10.0.17134.0\ucrt\string.h(133): note: see declaration of 'strcpy'
d:\visual projects\advance c\abc-dental-practice-ltd\abc-dental-practice-ltd\main.c(1050): warning C4996: 'scanf': This function or variable may be unsafe. Consider using scanf_s instead. To disable deprecation, use _CRT_SECURE_NO_WARNINGS. See online help for details.
  c:\program files (x86)\windows kits\10\include\10.0.17134.0\ucrt\stdio.h(1274): note: see declaration of 'scanf'
d:\visual projects\advance c\abc-dental-practice-ltd\abc-dental-practice-ltd\main.c(1077): warning C4098: 'DeletePatientDetailsByPps': 'void' function returning a value
d:\visual projects\advance c\abc-dental-practice-ltd\abc-dental-practice-ltd\main.c(1082): warning C4098: 'DeletePatientDetailsByPps': 'void' function returning a value
d:\visual projects\advance c\abc-dental-practice-ltd\abc-dental-practice-ltd\main.c(1097): warning C4996: 'scanf': This function or variable may be unsafe. Consider using scanf_s instead. To disable deprecation, use _CRT_SECURE_NO_WARNINGS. See online help for details.
  c:\program files (x86)\windows kits\10\include\10.0.17134.0\ucrt\stdio.h(1274): note: see declaration of 'scanf'
d:\visual projects\advance c\abc-dental-practice-ltd\abc-dental-practice-ltd\main.c(1105): warning C4996: 'scanf': This function or variable may be unsafe. Consider using scanf_s instead. To disable deprecation, use _CRT_SECURE_NO_WARNINGS. See online help for details.
  c:\program files (x86)\windows kits\10\include\10.0.17134.0\ucrt\stdio.h(1274): note: see declaration of 'scanf'
d:\visual projects\advance c\abc-dental-practice-ltd\abc-dental-practice-ltd\main.c(1232): warning C4996: 'scanf': This function or variable may be unsafe. Consider using scanf_s instead. To disable deprecation, use _CRT_SECURE_NO_WARNINGS. See online help for details.
  c:\program files (x86)\windows kits\10\include\10.0.17134.0\ucrt\stdio.h(1274): note: see declaration of 'scanf'
d:\visual projects\advance c\abc-dental-practice-ltd\abc-dental-practice-ltd\main.c(1245): warning C4996: 'scanf': This function or variable may be unsafe. Consider using scanf_s instead. To disable deprecation, use _CRT_SECURE_NO_WARNINGS. See online help for details.
  c:\program files (x86)\windows kits\10\include\10.0.17134.0\ucrt\stdio.h(1274): note: see declaration of 'scanf'
d:\visual projects\advance c\abc-dental-practice-ltd\abc-dental-practice-ltd\main.c(1372): warning C4996: 'scanf': This function or variable may be unsafe. Consider using scanf_s instead. To disable deprecation, use _CRT_SECURE_NO_WARNINGS. See online help for details.
  c:\program files (x86)\windows kits\10\include\10.0.17134.0\ucrt\stdio.h(1274): note: see declaration of 'scanf'
d:\visual projects\advance c\abc-dental-practice-ltd\abc-dental-practice-ltd\main.c(1411): warning C4476: 'fscanf' : unknown type field character '.' in format specifier
d:\visual projects\advance c\abc-dental-practice-ltd\abc-dental-practice-ltd\main.c(1411): warning C4477: 'fscanf' : format string '%s' requires an argument of type 'char *', but variadic argument 10 has type 'float *'
d:\visual projects\advance c\abc-dental-practice-ltd\abc-dental-practice-ltd\main.c(1411): warning C4477: 'fscanf' : format string '%s' requires an argument of type 'char *', but variadic argument 11 has type 'float *'
d:\visual projects\advance c\abc-dental-practice-ltd\abc-dental-practice-ltd\main.c(1411): warning C4474: 'fscanf' : too many arguments passed for format string
  d:\visual projects\advance c\abc-dental-practice-ltd\abc-dental-practice-ltd\main.c(1411): note: placeholders and their parameters expect 13 variadic arguments, but 15 were provided
d:\visual projects\advance c\abc-dental-practice-ltd\abc-dental-practice-ltd\main.c(1417): warning C4047: 'function': 'int' differs in levels of indirection from 'int (*)[4]'
d:\visual projects\advance c\abc-dental-practice-ltd\abc-dental-practice-ltd\main.c(1417): warning C4024: 'ReadPatientAtStart': different types for formal and actual parameter 5
d:\visual projects\advance c\abc-dental-practice-ltd\abc-dental-practice-ltd\main.c(1421): warning C4047: 'function': 'int' differs in levels of indirection from 'int (*)[4]'
d:\visual projects\advance c\abc-dental-practice-ltd\abc-dental-practice-ltd\main.c(1421): warning C4024: 'ReadPatientAtEnd': different types for formal and actual parameter 5
d:\visual projects\advance c\abc-dental-practice-ltd\abc-dental-practice-ltd\main.c(1402): warning C4996: 'fopen': This function or variable may be unsafe. Consider using fopen_s instead. To disable deprecation, use _CRT_SECURE_NO_WARNINGS. See online help for details.
  c:\program files (x86)\windows kits\10\include\10.0.17134.0\ucrt\stdio.h(208): note: see declaration of 'fopen'
d:\visual projects\advance c\abc-dental-practice-ltd\abc-dental-practice-ltd\main.c(1411): warning C4996: 'fscanf': This function or variable may be unsafe. Consider using fscanf_s instead. To disable deprecation, use _CRT_SECURE_NO_WARNINGS. See online help for details.
  c:\program files (x86)\windows kits\10\include\10.0.17134.0\ucrt\stdio.h(1197): note: see declaration of 'fscanf'
d:\visual projects\advance c\abc-dental-practice-ltd\abc-dental-practice-ltd\main.c(1435): warning C4996: 'fopen': This function or variable may be unsafe. Consider using fopen_s instead. To disable deprecation, use _CRT_SECURE_NO_WARNINGS. See online help for details.
  c:\program files (x86)\windows kits\10\include\10.0.17134.0\ucrt\stdio.h(208): note: see declaration of 'fopen'
d:\visual projects\advance c\abc-dental-practice-ltd\abc-dental-practice-ltd\main.c(1456): warning C4996: 'strcpy': This function or variable may be unsafe. Consider using strcpy_s instead. To disable deprecation, use _CRT_SECURE_NO_WARNINGS. See online help for details.
  c:\program files (x86)\windows kits\10\include\10.0.17134.0\ucrt\string.h(133): note: see declaration of 'strcpy'
d:\visual projects\advance c\abc-dental-practice-ltd\abc-dental-practice-ltd\main.c(1457): warning C4996: 'strcpy': This function or variable may be unsafe. Consider using strcpy_s instead. To disable deprecation, use _CRT_SECURE_NO_WARNINGS. See online help for details.
  c:\program files (x86)\windows kits\10\include\10.0.17134.0\ucrt\string.h(133): note: see declaration of 'strcpy'
d:\visual projects\advance c\abc-dental-practice-ltd\abc-dental-practice-ltd\main.c(1459): warning C4996: 'strcpy': This function or variable may be unsafe. Consider using strcpy_s instead. To disable deprecation, use _CRT_SECURE_NO_WARNINGS. See online help for details.
  c:\program files (x86)\windows kits\10\include\10.0.17134.0\ucrt\string.h(133): note: see declaration of 'strcpy'
d:\visual projects\advance c\abc-dental-practice-ltd\abc-dental-practice-ltd\main.c(1460): warning C4996: 'strcpy': This function or variable may be unsafe. Consider using strcpy_s instead. To disable deprecation, use _CRT_SECURE_NO_WARNINGS. See online help for details.
  c:\program files (x86)\windows kits\10\include\10.0.17134.0\ucrt\string.h(133): note: see declaration of 'strcpy'
d:\visual projects\advance c\abc-dental-practice-ltd\abc-dental-practice-ltd\main.c(1461): warning C4996: 'strcpy': This function or variable may be unsafe. Consider using strcpy_s instead. To disable deprecation, use _CRT_SECURE_NO_WARNINGS. See online help for details.
  c:\program files (x86)\windows kits\10\include\10.0.17134.0\ucrt\string.h(133): note: see declaration of 'strcpy'
d:\visual projects\advance c\abc-dental-practice-ltd\abc-dental-practice-ltd\main.c(1462): warning C4996: 'strcpy': This function or variable may be unsafe. Consider using strcpy_s instead. To disable deprecation, use _CRT_SECURE_NO_WARNINGS. See online help for details.
  c:\program files (x86)\windows kits\10\include\10.0.17134.0\ucrt\string.h(133): note: see declaration of 'strcpy'
d:\visual projects\advance c\abc-dental-practice-ltd\abc-dental-practice-ltd\main.c(1466): warning C4996: 'strcpy': This function or variable may be unsafe. Consider using strcpy_s instead. To disable deprecation, use _CRT_SECURE_NO_WARNINGS. See online help for details.
  c:\program files (x86)\windows kits\10\include\10.0.17134.0\ucrt\string.h(133): note: see declaration of 'strcpy'
d:\visual projects\advance c\abc-dental-practice-ltd\abc-dental-practice-ltd\main.c(1467): warning C4996: 'strcpy': This function or variable may be unsafe. Consider using strcpy_s instead. To disable deprecation, use _CRT_SECURE_NO_WARNINGS. See online help for details.
  c:\program files (x86)\windows kits\10\include\10.0.17134.0\ucrt\string.h(133): note: see declaration of 'strcpy'
d:\visual projects\advance c\abc-dental-practice-ltd\abc-dental-practice-ltd\main.c(1468): warning C4996: 'strcpy': This function or variable may be unsafe. Consider using strcpy_s instead. To disable deprecation, use _CRT_SECURE_NO_WARNINGS. See online help for details.
  c:\program files (x86)\windows kits\10\include\10.0.17134.0\ucrt\string.h(133): note: see declaration of 'strcpy'
d:\visual projects\advance c\abc-dental-practice-ltd\abc-dental-practice-ltd\main.c(1469): warning C4996: 'strcpy': This function or variable may be unsafe. Consider using strcpy_s instead. To disable deprecation, use _CRT_SECURE_NO_WARNINGS. See online help for details.
  c:\program files (x86)\windows kits\10\include\10.0.17134.0\ucrt\string.h(133): note: see declaration of 'strcpy'
d:\visual projects\advance c\abc-dental-practice-ltd\abc-dental-practice-ltd\main.c(1490): warning C4996: 'strcpy': This function or variable may be unsafe. Consider using strcpy_s instead. To disable deprecation, use _CRT_SECURE_NO_WARNINGS. See online help for details.
  c:\program files (x86)\windows kits\10\include\10.0.17134.0\ucrt\string.h(133): note: see declaration of 'strcpy'
d:\visual projects\advance c\abc-dental-practice-ltd\abc-dental-practice-ltd\main.c(1491): warning C4996: 'strcpy': This function or variable may be unsafe. Consider using strcpy_s instead. To disable deprecation, use _CRT_SECURE_NO_WARNINGS. See online help for details.
  c:\program files (x86)\windows kits\10\include\10.0.17134.0\ucrt\string.h(133): note: see declaration of 'strcpy'
d:\visual projects\advance c\abc-dental-practice-ltd\abc-dental-practice-ltd\main.c(1493): warning C4996: 'strcpy': This function or variable may be unsafe. Consider using strcpy_s instead. To disable deprecation, use _CRT_SECURE_NO_WARNINGS. See online help for details.
  c:\program files (x86)\windows kits\10\include\10.0.17134.0\ucrt\string.h(133): note: see declaration of 'strcpy'
d:\visual projects\advance c\abc-dental-practice-ltd\abc-dental-practice-ltd\main.c(1494): warning C4996: 'strcpy': This function or variable may be unsafe. Consider using strcpy_s instead. To disable deprecation, use _CRT_SECURE_NO_WARNINGS. See online help for details.
  c:\program files (x86)\windows kits\10\include\10.0.17134.0\ucrt\string.h(133): note: see declaration of 'strcpy'
d:\visual projects\advance c\abc-dental-practice-ltd\abc-dental-practice-ltd\main.c(1495): warning C4996: 'strcpy': This function or variable may be unsafe. Consider using strcpy_s instead. To disable deprecation, use _CRT_SECURE_NO_WARNINGS. See online help for details.
  c:\program files (x86)\windows kits\10\include\10.0.17134.0\ucrt\string.h(133): note: see declaration of 'strcpy'
d:\visual projects\advance c\abc-dental-practice-ltd\abc-dental-practice-ltd\main.c(1496): warning C4996: 'strcpy': This function or variable may be unsafe. Consider using strcpy_s instead. To disable deprecation, use _CRT_SECURE_NO_WARNINGS. See online help for details.
  c:\program files (x86)\windows kits\10\include\10.0.17134.0\ucrt\string.h(133): note: see declaration of 'strcpy'
d:\visual projects\advance c\abc-dental-practice-ltd\abc-dental-practice-ltd\main.c(1500): warning C4996: 'strcpy': This function or variable may be unsafe. Consider using strcpy_s instead. To disable deprecation, use _CRT_SECURE_NO_WARNINGS. See online help for details.
  c:\program files (x86)\windows kits\10\include\10.0.17134.0\ucrt\string.h(133): note: see declaration of 'strcpy'
d:\visual projects\advance c\abc-dental-practice-ltd\abc-dental-practice-ltd\main.c(1501): warning C4996: 'strcpy': This function or variable may be unsafe. Consider using strcpy_s instead. To disable deprecation, use _CRT_SECURE_NO_WARNINGS. See online help for details.
  c:\program files (x86)\windows kits\10\include\10.0.17134.0\ucrt\string.h(133): note: see declaration of 'strcpy'
d:\visual projects\advance c\abc-dental-practice-ltd\abc-dental-practice-ltd\main.c(1502): warning C4996: 'strcpy': This function or variable may be unsafe. Consider using strcpy_s instead. To disable deprecation, use _CRT_SECURE_NO_WARNINGS. See online help for details.
  c:\program files (x86)\windows kits\10\include\10.0.17134.0\ucrt\string.h(133): note: see declaration of 'strcpy'
d:\visual projects\advance c\abc-dental-practice-ltd\abc-dental-practice-ltd\main.c(1503): warning C4996: 'strcpy': This function or variable may be unsafe. Consider using strcpy_s instead. To disable deprecation, use _CRT_SECURE_NO_WARNINGS. See online help for details.
  c:\program files (x86)\windows kits\10\include\10.0.17134.0\ucrt\string.h(133): note: see declaration of 'strcpy'
d:\visual projects\advance c\abc-dental-practice-ltd\abc-dental-practice-ltd\main.c(1414): warning C4700: uninitialized local variable 'i' used
  Abc-Dental-Practice-Ltd.vcxproj -> D:\Visual projects\Advance C\Abc-Dental-Practice-Ltd\Debug\Abc-Dental-Practice-Ltd.exe
